<?xml version="1.0" encoding="UTF-8"?>
<testng-results ignored="0" total="1" passed="1" failed="0" skipped="0">
  <reporter-output>
  </reporter-output>
  <suite started-at="2021-10-08T08:09:52 GMT" name="Suite" finished-at="2021-10-08T08:09:57 GMT" duration-ms="4481">
    <groups>
    </groups>
    <test started-at="2021-10-08T08:09:52 GMT" name="Test" finished-at="2021-10-08T08:09:57 GMT" duration-ms="4481">
      <class name="testNG.seleniumtest">
        <test-method is-config="true" signature="beforeMethod()[pri:0, instance:testNG.seleniumtest@6340e5f0]" started-at="2021-10-08T08:09:52 GMT" name="beforeMethod" finished-at="2021-10-08T08:09:52 GMT" duration-ms="5" status="PASS">
          <reporter-output>
          </reporter-output>
        </test-method> <!-- beforeMethod -->
        <test-method signature="f()[pri:0, instance:testNG.seleniumtest@6340e5f0]" started-at="2021-10-08T08:09:52 GMT" name="f" finished-at="2021-10-08T08:09:55 GMT" duration-ms="2354" status="PASS">
          <reporter-output>
          </reporter-output>
        </test-method> <!-- f -->
        <test-method is-config="true" signature="afterMethod()[pri:0, instance:testNG.seleniumtest@6340e5f0]" started-at="2021-10-08T08:09:55 GMT" name="afterMethod" finished-at="2021-10-08T08:09:57 GMT" duration-ms="2080" status="PASS">
          <reporter-output>
          </reporter-output>
        </test-method> <!-- afterMethod -->
      </class> <!-- testNG.seleniumtest -->
    </test> <!-- Test -->
  </suite> <!-- Suite -->
</testng-results>
